<?xml version="1.0" encoding="UTF-8"?>
<testsuite name="pl.edu.agh.po.integrity.SampleTest" tests="1" skipped="0" failures="0" errors="0" timestamp="2020-12-16T16:10:01" hostname="LAPTOP-O2GUU4HM" time="0.001">
  <properties/>
  <testcase name="sampleTest" classname="pl.edu.agh.po.integrity.SampleTest" time="0.001"/>
  <system-out><![CDATA[]]></system-out>
  <system-err><![CDATA[]]></system-err>
</testsuite>
